0 info it worked if it ends with ok
1 verbose cli [ 'C:\\Program Files\\nodejs\\node.exe',
1 verbose cli   'C:\\Program Files\\nodejs\\node_modules\\npm\\bin\\npm-cli.js',
1 verbose cli   'start' ]
2 info using npm@3.10.8
3 info using node@v6.9.1
4 verbose run-script [ 'prestart', 'start', 'poststart' ]
5 info lifecycle ng2-webpack-test@1.0.0~prestart: ng2-webpack-test@1.0.0
6 silly lifecycle ng2-webpack-test@1.0.0~prestart: no script for prestart, continuing
7 info lifecycle ng2-webpack-test@1.0.0~start: ng2-webpack-test@1.0.0
8 verbose lifecycle ng2-webpack-test@1.0.0~start: unsafe-perm in lifecycle true
9 verbose lifecycle ng2-webpack-test@1.0.0~start: PATH: C:\Program Files\nodejs\node_modules\npm\bin\node-gyp-bin;C:\Users\Domien\Documents\School\ProjectAdvProg\AngularFrontend\node_modules\.bin;C:\ProgramData\Oracle\Java\javapath;c:\Program Files (x86)\AMD APP\bin\x86_64;c:\Program Files (x86)\AMD APP\bin\x86;c:\Program Files (x86)\Intel\iCLS Client\;c:\Program Files\Intel\iCLS Client\;C:\WINDOWS\system32;C:\WINDOWS;C:\WINDOWS\System32\Wbem;C:\WINDOWS\System32\WindowsPowerShell\v1.0\;c:\Program Files (x86)\ATI Technologies\ATI.ACE\Core-Static;C:\Program Files\Intel\Intel(R) Management Engine Components\DAL;C:\Program Files\Intel\Intel(R) Management Engine Components\IPT;C:\Program Files (x86)\Intel\Intel(R) Management Engine Components\DAL;C:\Program Files (x86)\Intel\Intel(R) Management Engine Components\IPT;C:\Program Files\Microsoft SQL Server\120\Tools\Binn\;C:\Program Files (x86)\Skype\Phone\;C:\wamp\bin\php\version\;C:\Users\Domien\AppData\Local\npm;C:\Users\Domien\AppData\Local\npm-cache;C:\xampp\php;C:\ProgramData\ComposerSetup\bin;C:\Program Files (x86)\ATI Technologies\ATI.ACE\Core-Static;C:\WINDOWS\system32\config\systemprofile\.dnx\bin;C:\Program Files\Microsoft DNX\Dnvm\;C:\Program Files\Git\cmd;C:\Program Files (x86)\MySQL\MySQL Fabric 1.5 & MySQL Utilities 1.5\;C:\Program Files (x86)\MySQL\MySQL Fabric 1.5 & MySQL Utilities 1.5\Doctrine extensions for PHP\;C:\HashiCorp\Vagrant\bin;C:\WINDOWS\system32\sqlite3.dll;C:\Program Files\Microsoft SQL Server\Client SDK\ODBC\110\Tools\Binn\;C:\Program Files (x86)\Microsoft SQL Server\120\Tools\Binn\ManagementStudio\;C:\Program Files (x86)\Microsoft SQL Server\120\Tools\Binn\;C:\Program Files (x86)\Microsoft SQL Server\120\DTS\Binn\;C:\Program Files\Microsoft SQL Server\120\DTS\Binn\;C:\Program Files\nodejs\;C:\Program Files (x86)\Windows Live\Shared;C:\ProgramData\Oracle\Java\javapath;c:\Program Files (x86)\AMD APP\bin\x86_64;c:\Program Files (x86)\AMD APP\bin\x86;c:\Program Files (x86)\Intel\iCLS Client\;c:\Program Files\Intel\iCLS Client\;C:\WINDOWS\system32;C:\WINDOWS;C:\WINDOWS\System32\Wbem;C:\WINDOWS\System32\WindowsPowerShell\v1.0\;c:\Program Files (x86)\ATI Technologies\ATI.ACE\Core-Static;C:\Program Files\Intel\Intel(R) Management Engine Components\DAL;C:\Program Files\Intel\Intel(R) Management Engine Components\IPT;C:\Program Files (x86)\Intel\Intel(R) Management Engine Components\DAL;C:\Program Files (x86)\Intel\Intel(R) Management Engine Components\IPT;C:\Program Files\Microsoft SQL Server\120\Tools\Binn\;C:\Program Files (x86)\Skype\Phone\;C:\wamp\bin\php\version\;C:\Users\Domien\AppData\Local\npm;C:\Users\Domien\AppData\Local\npm-cache;C:\xampp\php;C:\ProgramData\ComposerSetup\bin;C:\Program Files (x86)\ATI Technologies\ATI.ACE\Core-Static;C:\WINDOWS\system32\config\systemprofile\.dnx\bin;C:\Program Files\Microsoft DNX\Dnvm\;C:\Program File
10 verbose lifecycle ng2-webpack-test@1.0.0~start: CWD: C:\Users\Domien\Documents\School\ProjectAdvProg\AngularFrontend
11 silly lifecycle ng2-webpack-test@1.0.0~start: Args: [ '/d /s /c',
11 silly lifecycle   'webpack-dev-server --config ./webpack/webpack.dev.js' ]
12 silly lifecycle ng2-webpack-test@1.0.0~start: Returned: code: 3221225786  signal: null
13 info lifecycle ng2-webpack-test@1.0.0~start: Failed to exec start script
14 verbose stack Error: ng2-webpack-test@1.0.0 start: `webpack-dev-server --config ./webpack/webpack.dev.js`
14 verbose stack Exit status 3221225786
14 verbose stack     at EventEmitter.<anonymous> (C:\Program Files\nodejs\node_modules\npm\lib\utils\lifecycle.js:255:16)
14 verbose stack     at emitTwo (events.js:106:13)
14 verbose stack     at EventEmitter.emit (events.js:191:7)
14 verbose stack     at ChildProcess.<anonymous> (C:\Program Files\nodejs\node_modules\npm\lib\utils\spawn.js:40:14)
14 verbose stack     at emitTwo (events.js:106:13)
14 verbose stack     at ChildProcess.emit (events.js:191:7)
14 verbose stack     at maybeClose (internal/child_process.js:877:16)
14 verbose stack     at Process.ChildProcess._handle.onexit (internal/child_process.js:226:5)
15 verbose pkgid ng2-webpack-test@1.0.0
16 verbose cwd C:\Users\Domien\Documents\School\ProjectAdvProg\AngularFrontend
17 error Windows_NT 10.0.14393
18 error argv "C:\\Program Files\\nodejs\\node.exe" "C:\\Program Files\\nodejs\\node_modules\\npm\\bin\\npm-cli.js" "start"
19 error node v6.9.1
20 error npm  v3.10.8
21 error code ELIFECYCLE
22 error ng2-webpack-test@1.0.0 start: `webpack-dev-server --config ./webpack/webpack.dev.js`
22 error Exit status 3221225786
23 error Failed at the ng2-webpack-test@1.0.0 start script 'webpack-dev-server --config ./webpack/webpack.dev.js'.
23 error Make sure you have the latest version of node.js and npm installed.
23 error If you do, this is most likely a problem with the ng2-webpack-test package,
23 error not with npm itself.
23 error Tell the author that this fails on your system:
23 error     webpack-dev-server --config ./webpack/webpack.dev.js
23 error You can get information on how to open an issue for this project with:
23 error     npm bugs ng2-webpack-test
23 error Or if that isn't available, you can get their info via:
23 error     npm owner ls ng2-webpack-test
23 error There is likely additional logging output above.
24 verbose exit [ 1, true ]
